<?xml version="1.0" encoding="UTF-8"?>
<testng-results skipped="0" failed="1" ignored="0" total="2" passed="1">
  <reporter-output>
  </reporter-output>
  <suite name="Default suite" duration-ms="79212" started-at="2019-02-23T07:05:04Z" finished-at="2019-02-23T07:06:23Z">
    <groups>
    </groups>
    <test name="Default test" duration-ms="79212" started-at="2019-02-23T07:05:04Z" finished-at="2019-02-23T07:06:23Z">
      <class name="com.appium.cricbuzz.Paytmdemotest">
        <test-method status="PASS" signature="setup()[pri:0, instance:com.appium.cricbuzz.Paytmdemotest@50b472aa]" name="setup" is-config="true" duration-ms="20253" started-at="2019-02-23T07:05:04Z" finished-at="2019-02-23T07:05:25Z">
          <reporter-output>
          </reporter-output>
        </test-method> <!-- setup -->
        <test-method status="PASS" signature="paytmdemo()[pri:0, instance:com.appium.cricbuzz.Paytmdemotest@50b472aa]" name="paytmdemo" duration-ms="12390" started-at="2019-02-23T07:05:25Z" finished-at="2019-02-23T07:05:37Z">
          <reporter-output>
          </reporter-output>
        </test-method> <!-- paytmdemo -->
        <test-method status="FAIL" signature="prepaidrechargetest()[pri:1, instance:com.appium.cricbuzz.Paytmdemotest@50b472aa]" name="prepaidrechargetest" duration-ms="39705" started-at="2019-02-23T07:05:37Z" finished-at="2019-02-23T07:06:17Z">
          <exception class="org.openqa.selenium.NoSuchElementException">
            <message>
              <![CDATA[An element could not be located on the page using the given search parameters.
For documentation on this error, please visit: https://www.seleniumhq.org/exceptions/no_such_element.html
Build info: version: '3.141.59', revision: 'e82be7d358', time: '2018-11-14T08:17:03'
System info: host: 'KARTHIK-PC', ip: '169.254.200.70', os.name: 'Windows 7', os.arch: 'amd64', os.version: '6.1', java.version: '1.8.0_201'
Driver info: io.appium.java_client.android.AndroidDriver
Capabilities {appActivity: net.one97.paytm.landingpage..., appPackage: net.one97.paytm, databaseEnabled: false, desired: {appActivity: net.one97.paytm.landingpage..., appPackage: net.one97.paytm, deviceName: Dinesh Babu, platformName: android, platformVersion: 6.0.1, reset: true, udid: 900b838a}, deviceManufacturer: ZUK, deviceModel: ZUK Z2132, deviceName: 900b838a, deviceScreenSize: 1080x1920, deviceUDID: 900b838a, javascriptEnabled: true, locationContextEnabled: false, networkConnectionEnabled: true, platform: LINUX, platformName: Android, platformVersion: 6.0.1, reset: true, takesScreenshot: true, udid: 900b838a, warnings: {}, webStorageEnabled: false}
Session ID: 3785b330-750f-4ae1-bc2e-504af22734c6
*** Element info: {Using=-android uiautomator, value=new UiScrollable(new UiSelector().scrollable(true).instance(0)).scrollIntoView(new UiSelector().textContains("My Personal Payments").instance(0))}]]>
            </message>
            <full-stacktrace>
              <![CDATA[org.openqa.selenium.NoSuchElementException: An element could not be located on the page using the given search parameters.
For documentation on this error, please visit: https://www.seleniumhq.org/exceptions/no_such_element.html
Build info: version: '3.141.59', revision: 'e82be7d358', time: '2018-11-14T08:17:03'
System info: host: 'KARTHIK-PC', ip: '169.254.200.70', os.name: 'Windows 7', os.arch: 'amd64', os.version: '6.1', java.version: '1.8.0_201'
Driver info: io.appium.java_client.android.AndroidDriver
Capabilities {appActivity: net.one97.paytm.landingpage..., appPackage: net.one97.paytm, databaseEnabled: false, desired: {appActivity: net.one97.paytm.landingpage..., appPackage: net.one97.paytm, deviceName: Dinesh Babu, platformName: android, platformVersion: 6.0.1, reset: true, udid: 900b838a}, deviceManufacturer: ZUK, deviceModel: ZUK Z2132, deviceName: 900b838a, deviceScreenSize: 1080x1920, deviceUDID: 900b838a, javascriptEnabled: true, locationContextEnabled: false, networkConnectionEnabled: true, platform: LINUX, platformName: Android, platformVersion: 6.0.1, reset: true, takesScreenshot: true, udid: 900b838a, warnings: {}, webStorageEnabled: false}
Session ID: 3785b330-750f-4ae1-bc2e-504af22734c6
*** Element info: {Using=-android uiautomator, value=new UiScrollable(new UiSelector().scrollable(true).instance(0)).scrollIntoView(new UiSelector().textContains("My Personal Payments").instance(0))}
at sun.reflect.NativeConstructorAccessorImpl.newInstance0(Native Method)
at sun.reflect.NativeConstructorAccessorImpl.newInstance(Unknown Source)
at sun.reflect.DelegatingConstructorAccessorImpl.newInstance(Unknown Source)
at java.lang.reflect.Constructor.newInstance(Unknown Source)
at org.openqa.selenium.remote.http.W3CHttpResponseCodec.createException(W3CHttpResponseCodec.java:187)
at org.openqa.selenium.remote.http.W3CHttpResponseCodec.decode(W3CHttpResponseCodec.java:122)
at org.openqa.selenium.remote.http.W3CHttpResponseCodec.decode(W3CHttpResponseCodec.java:49)
at org.openqa.selenium.remote.HttpCommandExecutor.execute(HttpCommandExecutor.java:158)
at io.appium.java_client.remote.AppiumCommandExecutor.execute(AppiumCommandExecutor.java:239)
at org.openqa.selenium.remote.RemoteWebDriver.execute(RemoteWebDriver.java:552)
at io.appium.java_client.DefaultGenericMobileDriver.execute(DefaultGenericMobileDriver.java:42)
at io.appium.java_client.AppiumDriver.execute(AppiumDriver.java:1)
at io.appium.java_client.android.AndroidDriver.execute(AndroidDriver.java:1)
at org.openqa.selenium.remote.RemoteWebDriver.findElement(RemoteWebDriver.java:323)
at io.appium.java_client.DefaultGenericMobileDriver.findElement(DefaultGenericMobileDriver.java:62)
at io.appium.java_client.AppiumDriver.findElement(AppiumDriver.java:1)
at io.appium.java_client.android.AndroidDriver.findElement(AndroidDriver.java:1)
at io.appium.java_client.FindsByAndroidUIAutomator.findElementByAndroidUIAutomator(FindsByAndroidUIAutomator.java:38)
at com.appium.cricbuzz.Paytmdemotest.scrollAndClick(Paytmdemotest.java:138)
at com.appium.cricbuzz.Paytmdemotest.prepaidrechargetest(Paytmdemotest.java:98)
at sun.reflect.NativeMethodAccessorImpl.invoke0(Native Method)
at sun.reflect.NativeMethodAccessorImpl.invoke(Unknown Source)
at sun.reflect.DelegatingMethodAccessorImpl.invoke(Unknown Source)
at java.lang.reflect.Method.invoke(Unknown Source)
at org.testng.internal.MethodInvocationHelper.invokeMethod(MethodInvocationHelper.java:124)
at org.testng.internal.Invoker.invokeMethod(Invoker.java:583)
at org.testng.internal.Invoker.invokeTestMethod(Invoker.java:719)
at org.testng.internal.Invoker.invokeTestMethods(Invoker.java:989)
at org.testng.internal.TestMethodWorker.invokeTestMethods(TestMethodWorker.java:125)
at org.testng.internal.TestMethodWorker.run(TestMethodWorker.java:109)
at org.testng.TestRunner.privateRun(TestRunner.java:648)
at org.testng.TestRunner.run(TestRunner.java:505)
at org.testng.SuiteRunner.runTest(SuiteRunner.java:455)
at org.testng.SuiteRunner.runSequentially(SuiteRunner.java:450)
at org.testng.SuiteRunner.privateRun(SuiteRunner.java:415)
at org.testng.SuiteRunner.run(SuiteRunner.java:364)
at org.testng.SuiteRunnerWorker.runSuite(SuiteRunnerWorker.java:52)
at org.testng.SuiteRunnerWorker.run(SuiteRunnerWorker.java:84)
at org.testng.TestNG.runSuitesSequentially(TestNG.java:1208)
at org.testng.TestNG.runSuitesLocally(TestNG.java:1137)
at org.testng.TestNG.runSuites(TestNG.java:1049)
at org.testng.TestNG.run(TestNG.java:1017)
at org.testng.remote.AbstractRemoteTestNG.run(AbstractRemoteTestNG.java:114)
at org.testng.remote.RemoteTestNG.initAndRun(RemoteTestNG.java:251)
at org.testng.remote.RemoteTestNG.main(RemoteTestNG.java:77)
]]>
            </full-stacktrace>
          </exception> <!-- org.openqa.selenium.NoSuchElementException -->
          <reporter-output>
          </reporter-output>
        </test-method> <!-- prepaidrechargetest -->
        <test-method status="PASS" signature="teardown()[pri:0, instance:com.appium.cricbuzz.Paytmdemotest@50b472aa]" name="teardown" is-config="true" duration-ms="1884" started-at="2019-02-23T07:06:22Z" finished-at="2019-02-23T07:06:23Z">
          <reporter-output>
          </reporter-output>
        </test-method> <!-- teardown -->
      </class> <!-- com.appium.cricbuzz.Paytmdemotest -->
    </test> <!-- Default test -->
  </suite> <!-- Default suite -->
</testng-results>
